Arguments: 
  C:\Program Files\nodejs\node.exe C:\Users\User\AppData\Roaming\npm\node_modules\yarn\bin\yarn.js

PATH: 
  C:\ProgramData\Oracle\Java\javapath;C:\Windows\system32;C:\Windows;C:\Windows\System32\Wbem;C:\Windows\System32\WindowsPowerShell\v1.0\;C:\Program Files (x86)\NVIDIA Corporation\PhysX\Common;C:\WINDOWS\system32;C:\WINDOWS;C:\WINDOWS\System32\Wbem;C:\WINDOWS\System32\WindowsPowerShell\v1.0\;C:\ProgramData\ComposerSetup\bin;C:\ProgramData\Anaconda3;C:\ProgramData\Anaconda3\Scripts;C:\ProgramData\Anaconda3\Library\bin;"C:\Program Files\Java\jdk1.8.0_131\bin";C:\xampp\php;C:\Program Files\nodejs\;C:\Users\User\AppData\Local\Microsoft\WindowsApps;C:\Users\User\AppData\Roaming\Composer\vendor\bin;C:\Program Files (x86)\Microsoft VS Code\bin;C:\Users\User\AppData\Roaming\npm

Yarn version: 
  0.27.5

Node version: 
  8.2.1

Platform: 
  win32 x64

npm manifest: 
  {
    "name": "webserv-v2.5",
    "version": "1.0.0",
    "description": "hosting free for KMITL personal",
    "main": "index.js",
    "scripts": {
      "test": "echo \"Error: no test specified\" && exit 1"
    },
    "author": "csag",
    "license": "ISC",
    "dependencies": {
      "body-parser": "^1.17.2",
      "express": "^4.15.4",
      "mysql": "github:mysqljs/mysql",
      "password-hash": "^1.2.2"
    }
  }

yarn manifest: 
  No manifest

Lockfile: 
  No lockfile

Trace: 
  Error: https://registry.yarnpkg.com/express: tunneling socket could not be established, cause=connect ECONNREFUSED 127.0.0.1:80
      at ClientRequest.onError (C:\Users\User\AppData\Roaming\npm\node_modules\yarn\node_modules\tunnel-agent\index.js:177:17)
      at Object.onceWrapper (events.js:316:30)
      at emitOne (events.js:115:13)
      at ClientRequest.emit (events.js:210:7)
      at Socket.socketErrorListener (_http_client.js:401:9)
      at emitOne (events.js:115:13)
      at Socket.emit (events.js:210:7)
      at emitErrorNT (internal/streams/destroy.js:64:8)
      at _combinedTickCallback (internal/process/next_tick.js:138:11)
      at process._tickCallback (internal/process/next_tick.js:180:9)
